Step: build-step-credential-initializer-rwtn4:

{"level":"warn","ts":1553854718.4836485,"logger":"fallback-logger","caller":"logging/config.go:65","msg":"Fetch GitHub commit ID from kodata failed: \"ref: refs/heads/backport-container-name-fix\" is not a valid GitHub commit ID"}
{"level":"info","ts":1553854718.4843855,"logger":"fallback-logger","caller":"creds-init/main.go:40","msg":"Credentials initialized."}
Step: build-step-git-source-warrenbailey-jx-app-cheese-move-to-tekton:

{"level":"warn","ts":1553854719.668812,"logger":"fallback-logger","caller":"logging/config.go:65","msg":"Fetch GitHub commit ID from kodata failed: \"ref: refs/heads/backport-container-name-fix\" is not a valid GitHub commit ID"}
{"level":"info","ts":1553854720.3355825,"logger":"fallback-logger","caller":"git-init/main.go:99","msg":"Successfully cloned \"https://github.com/warrenbailey/jx-app-cheese\" @ \"v0.0.60\" in path \"/workspace/source\""}
Step: build-step-place-tools:

Step: build-step-setup-jx-git-credentials:

Generated Git credentials file /workspace/xdg_config/git/credentials
Step: build-step-build-step3:

Step: build-step-build-step4:

  % Total    % Received % Xferd  Average Speed   Time    Time     Time  Current
                                 Dload  Upload   Total   Spent    Left  Speed
  0     0    0     0    0     0      0      0 --:--:-- --:--:-- --:--:--     0100   620    0   620    0     0    999      0 --:--:-- --:--:-- --:--:--  1001
  0     0    0     0    0     0      0      0 --:--:-- --:--:-- --:--:--     0LICENSE.md
README.md
goreleaser
  3 4683k    3  151k    0     0  94549      0  0:00:50  0:00:01  0:00:49  152k 18 4683k   18  848k    0     0   313k      0  0:00:14  0:00:02  0:00:12  412k 43 4683k   43 2056k    0     0   563k      0  0:00:08  0:00:03  0:00:05  684k 56 4683k   56 2634k    0     0   568k      0  0:00:08  0:00:04  0:00:04  660k 83 4683k   83 3908k    0     0   689k      0  0:00:06  0:00:05  0:00:01  778k100 4683k  100 4683k    0     0   755k      0  0:00:06  0:00:06 --:--:--  994k
Step: build-step-build-tag:

sed -i -e "s/version:.*/version: 0.0.60/" Chart.yaml
sed -i -e "s/tag: .*/tag: 0.0.60/" values.yaml
git add --all
git commit -m "release 0.0.60" --allow-empty # if first release then no verion update is performed
[master 978de5b] release 0.0.60
 3 files changed, 102 insertions(+)
 create mode 100644 goreleaser/LICENSE.md
 create mode 100644 goreleaser/README.md
 create mode 100755 goreleaser/goreleaser
git tag -fa v0.0.60 -m "Release version 0.0.60"
Step: build-step-build-helm-build:

No $CHART_REPOSITORY defined so using the default value of: http://jenkins-x-chartmuseum:8080
Adding missing Helm repo: jenkins-x http://chartmuseum.jenkins-x.io
Successfully added Helm repository jenkins-x.
Adding missing Helm repo: releases http://jenkins-x-chartmuseum:8080
Successfully added Helm repository releases.
Step: build-step-build-helm-version:

Modified file Chart.yaml to set the chart to version 4
