Step: build-step-credential-initializer-n4jmh:

{"level":"warn","ts":1553858916.7186892,"logger":"fallback-logger","caller":"logging/config.go:65","msg":"Fetch GitHub commit ID from kodata failed: \"ref: refs/heads/backport-container-name-fix\" is not a valid GitHub commit ID"}
{"level":"info","ts":1553858916.7195892,"logger":"fallback-logger","caller":"creds-init/main.go:40","msg":"Credentials initialized."}
Step: build-step-git-source-warrenbailey-jx-app-cheese-move-to-tekton:

{"level":"warn","ts":1553858917.8628392,"logger":"fallback-logger","caller":"logging/config.go:65","msg":"Fetch GitHub commit ID from kodata failed: \"ref: refs/heads/backport-container-name-fix\" is not a valid GitHub commit ID"}
{"level":"info","ts":1553858918.5391529,"logger":"fallback-logger","caller":"git-init/main.go:99","msg":"Successfully cloned \"https://github.com/warrenbailey/jx-app-cheese\" @ \"v0.0.63\" in path \"/workspace/source\""}
Step: build-step-place-tools:

Step: build-step-setup-jx-git-credentials:

Generated Git credentials file /workspace/xdg_config/git/credentials
Step: build-step-build-tag:

sed -i -e "s/version:.*/version: 0.0.63/" Chart.yaml
sed -i -e "s/tag: .*/tag: 0.0.63/" values.yaml
git add --all
git commit -m "release 0.0.63" --allow-empty # if first release then no verion update is performed
[master ab575cc] release 0.0.63
git tag -fa v0.0.63 -m "Release version 0.0.63"
Step: build-step-build-helm-build:

No $CHART_REPOSITORY defined so using the default value of: http://jenkins-x-chartmuseum:8080
Adding missing Helm repo: jenkins-x http://chartmuseum.jenkins-x.io
Successfully added Helm repository jenkins-x.
Adding missing Helm repo: releases http://jenkins-x-chartmuseum:8080
Successfully added Helm repository releases.
Step: build-step-build-helm-version:

Modified file Chart.yaml to set the chart to version 7
