Step: build-step-credential-initializer-7dckx:

{"level":"warn","ts":1553791896.5015357,"logger":"fallback-logger","caller":"logging/config.go:65","msg":"Fetch GitHub commit ID from kodata failed: \"ref: refs/heads/backport-container-name-fix\" is not a valid GitHub commit ID"}
{"level":"info","ts":1553791896.5037575,"logger":"fallback-logger","caller":"creds-init/main.go:40","msg":"Credentials initialized."}
Step: build-step-git-source-warrenbailey-jx-app-gitea-tekton-buildpac:

{"level":"warn","ts":1553791897.628994,"logger":"fallback-logger","caller":"logging/config.go:65","msg":"Fetch GitHub commit ID from kodata failed: \"ref: refs/heads/backport-container-name-fix\" is not a valid GitHub commit ID"}
{"level":"info","ts":1553791898.236778,"logger":"fallback-logger","caller":"git-init/main.go:99","msg":"Successfully cloned \"https://github.com/warrenbailey/jx-app-gitea\" @ \"tekton-buildpack\" in path \"/workspace/source\""}
Step: build-step-place-tools:

Step: build-step-build-build:

cat: /builder/home/basic-auth-user.json: No such file or directory
cat: /builder/home/basic-auth-pass.json: No such file or directory
rm -rf charts
rm -rf jx-app-gitea*.tgz
rm -rf requirements.lock
helm init --client-only
Creating /builder/home/.helm 
Creating /builder/home/.helm/repository 
Creating /builder/home/.helm/repository/cache 
Creating /builder/home/.helm/repository/local 
Creating /builder/home/.helm/plugins 
Creating /builder/home/.helm/starters 
Creating /builder/home/.helm/cache/archive 
Creating /builder/home/.helm/repository/repositories.yaml 
Adding stable repo with URL: https://kubernetes-charts.storage.googleapis.com 
Adding local repo with URL: http://127.0.0.1:8879/charts 
$HELM_HOME has been configured at /builder/home/.helm.
Not installing Tiller due to 'client-only' flag having been set
Happy Helming!
helm repo add jenkinsxio https://chartmuseum.jenkins-x.io
Error: Looks like "https://chartmuseum.jenkins-x.io" is not a valid chart repository or cannot be reached: Get https://chartmuseum.jenkins-x.io/index.yaml: x509: certificate is valid for *.storage.googleapis.com, *.appspot.com.storage.googleapis.com, *.commondatastorage.googleapis.com, *.content-storage-download.googleapis.com, *.content-storage-upload.googleapis.com, *.content-storage.googleapis.com, *.googleapis.com, *.storage-download.googleapis.com, *.storage-upload.googleapis.com, *.storage.select.googleapis.com, commondatastorage.googleapis.com, static.panoramio.com.storage.googleapis.com, storage.googleapis.com, storage.select.googleapis.com, unfiltered.news, not chartmuseum.jenkins-x.io
make: *** [setup] Error 1
{"component":"entrypoint","error":"wrapped process failed: exit status 2","level":"error","msg":"Error executing test process","time":"2019-03-28T16:51:42Z"}
