Step: build-step-credential-initializer-nq2nr:

{"level":"warn","ts":1553792301.4925592,"logger":"fallback-logger","caller":"logging/config.go:65","msg":"Fetch GitHub commit ID from kodata failed: \"ref: refs/heads/backport-container-name-fix\" is not a valid GitHub commit ID"}
{"level":"info","ts":1553792301.4961078,"logger":"fallback-logger","caller":"creds-init/main.go:40","msg":"Credentials initialized."}
Step: build-step-git-source-warrenbailey-jx-app-gitea-tekton-buildpac:

{"level":"warn","ts":1553792302.073133,"logger":"fallback-logger","caller":"logging/config.go:65","msg":"Fetch GitHub commit ID from kodata failed: \"ref: refs/heads/backport-container-name-fix\" is not a valid GitHub commit ID"}
{"level":"info","ts":1553792302.7195086,"logger":"fallback-logger","caller":"git-init/main.go:99","msg":"Successfully cloned \"https://github.com/warrenbailey/jx-app-gitea\" @ \"v0.0.1\" in path \"/workspace/source\""}
Step: build-step-place-tools:

Step: build-step-setup-jx-git-credentials:

Generated Git credentials file /workspace/xdg_config/git/credentials
Step: build-step-build-basic-auth-username:

/builder/home/basic-auth-user.json
Step: build-step-build-basic-auth-password:

/builder/home/basic-auth-pass.json
Step: build-step-build-release:

rm -rf charts
rm -rf jx-app-gitea*.tgz
rm -rf requirements.lock
helm init --client-only
Creating /builder/home/.helm 
Creating /builder/home/.helm/repository 
Creating /builder/home/.helm/repository/cache 
Creating /builder/home/.helm/repository/local 
Creating /builder/home/.helm/plugins 
Creating /builder/home/.helm/starters 
Creating /builder/home/.helm/cache/archive 
Creating /builder/home/.helm/repository/repositories.yaml 
Adding stable repo with URL: https://kubernetes-charts.storage.googleapis.com 
Adding local repo with URL: http://127.0.0.1:8879/charts 
$HELM_HOME has been configured at /builder/home/.helm.
Not installing Tiller due to 'client-only' flag having been set
Happy Helming!
helm repo add jenkinsxio https://storage.googleapis.com/chartmuseum.jenkins-x.io
"jenkinsxio" has been added to your repositories
rm -rf requirements.lock
helm dependency build jx-app-gitea
Hang tight while we grab the latest from your chart repositories...
...Unable to get an update from the "local" chart repository (http://127.0.0.1:8879/charts):
	Get http://127.0.0.1:8879/charts/index.yaml: dial tcp 127.0.0.1:8879: connect: connection refused
...Successfully got an update from the "jenkinsxio" chart repository
...Successfully got an update from the "stable" chart repository
Update Complete. ⎈Happy Helming!⎈
Saving 1 charts
Downloading gitea from repo https://storage.googleapis.com/chartmuseum.jenkins-x.io
Deleting outdated charts
helm lint jx-app-gitea
==> Linting jx-app-gitea
Lint OK

1 chart(s) linted, no failures
sed -i -e "s/version:.*/version: 0.0.1/" jx-app-gitea/Chart.yaml
sed -i -e "s/tag: .*/tag: 0.0.1/" jx-app-gitea/values.yaml
helm package jx-app-gitea
Successfully packaged chart and saved it to: /workspace/source/jx-app-gitea-0.0.1.tgz
curl --fail -u admin:foo --data-binary "@jx-app-gitea-0.0.1.tgz" http://jenkins-x-chartmuseum:8080/api/charts
  % Total    % Received % Xferd  Average Speed   Time    Time     Time  Current
                                 Dload  Upload   Total   Spent    Left  Speed
  0     0    0     0    0     0      0      0 --:--:-- --:--:-- --:--:--     0100 15854  100    14  100 15840    479   529k --:--:-- --:--:-- --:--:--  533k
{"saved":true}rm -rf jx-app-gitea*.tgz%
