Step: build-step-credential-initializer-p92cj:

{"level":"warn","ts":1553788240.7268977,"logger":"fallback-logger","caller":"logging/config.go:65","msg":"Fetch GitHub commit ID from kodata failed: \"ref: refs/heads/backport-container-name-fix\" is not a valid GitHub commit ID"}
{"level":"info","ts":1553788240.7277389,"logger":"fallback-logger","caller":"creds-init/main.go:40","msg":"Credentials initialized."}
Step: build-step-git-source-warrenbailey-jx-app-ambassador-tekton-bui:

{"level":"warn","ts":1553788241.4171412,"logger":"fallback-logger","caller":"logging/config.go:65","msg":"Fetch GitHub commit ID from kodata failed: \"ref: refs/heads/backport-container-name-fix\" is not a valid GitHub commit ID"}
{"level":"info","ts":1553788242.0991952,"logger":"fallback-logger","caller":"git-init/main.go:99","msg":"Successfully cloned \"https://github.com/warrenbailey/jx-app-ambassador\" @ \"v0.0.2\" in path \"/workspace/source\""}
Step: build-step-place-tools:

Step: build-step-setup-jx-git-credentials:

Generated Git credentials file /workspace/xdg_config/git/credentials
Step: build-step-build-basic-auth-username:

/builder/home/basic-auth-user.json
Step: build-step-build-basic-auth-password:

/builder/home/basic-auth-pass.json
Step: build-step-build-release:

rm -rf jx-app-ambassador/charts
rm -rf jx-app-ambassador/jx-app-ambassador*.tgz
rm -rf jx-app-ambassador/requirements.lock
helm init --client-only
Creating /builder/home/.helm 
Creating /builder/home/.helm/repository 
Creating /builder/home/.helm/repository/cache 
Creating /builder/home/.helm/repository/local 
Creating /builder/home/.helm/plugins 
Creating /builder/home/.helm/starters 
Creating /builder/home/.helm/cache/archive 
Creating /builder/home/.helm/repository/repositories.yaml 
Adding stable repo with URL: https://kubernetes-charts.storage.googleapis.com 
Adding local repo with URL: http://127.0.0.1:8879/charts 
$HELM_HOME has been configured at /builder/home/.helm.
Not installing Tiller due to 'client-only' flag having been set
Happy Helming!
helm repo add jenkinsxio http://chartmuseum.jenkins-x.io
"jenkinsxio" has been added to your repositories
helm repo add ambassador https://www.getambassador.io
"ambassador" has been added to your repositories
rm -rf requirements.lock
helm dependency build jx-app-ambassador
Hang tight while we grab the latest from your chart repositories...
...Unable to get an update from the "local" chart repository (http://127.0.0.1:8879/charts):
	Get http://127.0.0.1:8879/charts/index.yaml: dial tcp 127.0.0.1:8879: connect: connection refused
...Successfully got an update from the "ambassador" chart repository
...Successfully got an update from the "jenkinsxio" chart repository
...Successfully got an update from the "stable" chart repository
Update Complete. ⎈Happy Helming!⎈
Saving 1 charts
Downloading ambassador from repo https://www.getambassador.io
Deleting outdated charts
helm lint jx-app-ambassador
==> Linting jx-app-ambassador
Lint OK

1 chart(s) linted, no failures
sed -i -e "s/version:.*/version: 0.0.2/" jx-app-ambassador/Chart.yaml
sed -i -e "s/tag: .*/tag: 0.0.2/" jx-app-ambassador/values.yaml
helm package jx-app-ambassador
Successfully packaged chart and saved it to: /workspace/source/jx-app-ambassador-0.0.2.tgz
curl --fail -u admin:foo --data-binary "@jx-app-ambassador-0.0.2.tgz" http://jenkins-x-chartmuseum:8080/api/charts
  % Total    % Received % Xferd  Average Speed   Time    Time     Time  Current
                                 Dload  Upload   Total   Spent    Left  Speed
  0     0    0     0    0     0      0      0 --:--:-- --:--:-- --:--:--     0100  6309  100    14  100  6295    150  67826 --:--:-- --:--:-- --:--:-- 68423
{"saved":true}rm -rf jx-app-ambassador*.tgz%
